<?xml version="1.0" encoding="UTF-8"?>
<testng-results skipped="0" failed="0" total="1" passed="1">
  <reporter-output>
  </reporter-output>
  <suite name="Default suite" duration-ms="94" started-at="2016-11-15T10:44:57Z" finished-at="2016-11-15T10:44:57Z">
    <groups>
    </groups>
    <test name="Default test" duration-ms="94" started-at="2016-11-15T10:44:57Z" finished-at="2016-11-15T10:44:57Z">
      <class name="com.java.local.validatons.anno.validators.ProductIdValidator">
        <test-method status="PASS" signature="checkIfValid()[pri:0, instance:com.java.local.validatons.anno.validators.ProductIdValidator@6fa38a]" name="checkIfValid" duration-ms="62" started-at="2016-11-15T16:14:57Z" finished-at="2016-11-15T16:14:57Z">
          <reporter-output>
          </reporter-output>
        </test-method> <!-- checkIfValid -->
      </class> <!-- com.java.local.validatons.anno.validators.ProductIdValidator -->
    </test> <!-- Default test -->
  </suite> <!-- Default suite -->
</testng-results>
